TN:
SF:src\Adapters\Adapter.ts
FN:2,(anonymous_0)
FN:9,(anonymous_1)
FN:16,(anonymous_2)
FN:23,(anonymous_3)
FN:30,(anonymous_4)
FN:37,(anonymous_5)
FN:44,(anonymous_6)
FN:51,(anonymous_7)
FN:55,(anonymous_8)
FN:59,(anonymous_9)
FN:63,(anonymous_10)
FN:67,(anonymous_11)
FN:71,(anonymous_12)
FN:75,(anonymous_13)
FN:79,(anonymous_14)
FN:83,(anonymous_15)
FN:99,(anonymous_16)
FN:114,(anonymous_17)
FNF:18
FNH:18
FNDA:9,(anonymous_0)
FNDA:22,(anonymous_1)
FNDA:9,(anonymous_2)
FNDA:4,(anonymous_3)
FNDA:6,(anonymous_4)
FNDA:11,(anonymous_5)
FNDA:4,(anonymous_6)
FNDA:9,(anonymous_7)
FNDA:9,(anonymous_8)
FNDA:22,(anonymous_9)
FNDA:4,(anonymous_10)
FNDA:6,(anonymous_11)
FNDA:50,(anonymous_12)
FNDA:4,(anonymous_13)
FNDA:11,(anonymous_14)
FNDA:7,(anonymous_15)
FNDA:5,(anonymous_16)
FNDA:2,(anonymous_17)
DA:1,1
DA:2,1
DA:3,9
DA:4,1
DA:6,8
DA:9,1
DA:10,22
DA:11,2
DA:13,20
DA:16,1
DA:17,9
DA:18,1
DA:20,8
DA:23,1
DA:24,4
DA:25,1
DA:27,3
DA:30,1
DA:31,6
DA:32,2
DA:34,4
DA:37,1
DA:38,11
DA:39,1
DA:41,10
DA:44,1
DA:45,4
DA:46,2
DA:48,2
DA:51,1
DA:52,9
DA:55,1
DA:56,9
DA:59,1
DA:60,22
DA:63,1
DA:64,4
DA:67,1
DA:68,6
DA:71,1
DA:72,50
DA:75,1
DA:76,4
DA:79,1
DA:80,11
DA:83,1
DA:84,7
DA:96,1
DA:99,1
DA:100,5
DA:111,1
DA:114,1
DA:116,2
DA:129,2
LF:54
LH:54
BRDA:3,0,0,1
BRDA:3,1,0,9
BRDA:3,1,1,9
BRDA:10,2,0,2
BRDA:10,3,0,22
BRDA:10,3,1,22
BRDA:17,4,0,1
BRDA:17,5,0,9
BRDA:17,5,1,9
BRDA:24,6,0,1
BRDA:24,7,0,4
BRDA:24,7,1,4
BRDA:31,8,0,2
BRDA:31,9,0,6
BRDA:31,9,1,6
BRDA:38,10,0,1
BRDA:45,11,0,2
BRDA:80,12,0,11
BRDA:80,12,1,10
BRF:19
BRH:19
end_of_record
TN:
SF:src\Commands\Command.ts
FN:15,(anonymous_0)
FN:20,(anonymous_1)
FNF:2
FNH:2
FNDA:5,(anonymous_0)
FNDA:4,(anonymous_1)
DA:2,1
DA:3,1
DA:11,1
DA:16,5
DA:17,5
DA:20,5
DA:21,4
DA:22,4
DA:28,1
DA:36,1
DA:50,1
DA:51,1
LF:12
LH:12
BRF:0
BRH:0
end_of_record
TN:
SF:src\Observers\Observer.ts
FN:9,(anonymous_0)
FN:15,(anonymous_1)
FN:19,(anonymous_2)
FN:24,(anonymous_3)
FN:25,(anonymous_4)
FN:29,(anonymous_5)
FN:30,(anonymous_6)
FNF:7
FNH:7
FNDA:1,(anonymous_0)
FNDA:2,(anonymous_1)
FNDA:5,(anonymous_2)
FNDA:2,(anonymous_3)
FNDA:2,(anonymous_4)
FNDA:2,(anonymous_5)
FNDA:2,(anonymous_6)
DA:10,1
DA:16,2
DA:20,5
DA:25,2
DA:30,2
DA:35,2
DA:36,2
LF:7
LH:7
BRF:0
BRH:0
end_of_record
TN:
SF:src\interfaces\Interface.ts
FN:1,(anonymous_0)
FN:6,(anonymous_1)
FN:12,(anonymous_2)
FN:20,(anonymous_3)
FN:25,(anonymous_4)
FNF:5
FNH:5
FNDA:5,(anonymous_0)
FNDA:5,(anonymous_1)
FNDA:5,(anonymous_2)
FNDA:5,(anonymous_3)
FNDA:5,(anonymous_4)
DA:1,5
DA:2,5
DA:3,5
DA:6,5
DA:7,5
DA:8,5
DA:9,5
DA:12,5
DA:13,5
DA:14,5
DA:15,5
DA:16,5
DA:17,5
DA:20,5
DA:21,5
DA:22,5
DA:25,5
DA:26,5
DA:27,5
DA:28,5
LF:20
LH:20
BRDA:1,0,0,5
BRDA:1,0,1,5
BRDA:6,1,0,5
BRDA:6,1,1,5
BRDA:12,2,0,5
BRDA:12,2,1,5
BRDA:20,3,0,5
BRDA:20,3,1,5
BRDA:25,4,0,5
BRDA:25,4,1,5
BRF:10
BRH:10
end_of_record
TN:
SF:src\routes\diaries.ts
FN:8,(anonymous_10)
FN:12,(anonymous_11)
FN:21,(anonymous_12)
FN:31,(anonymous_13)
FN:46,(anonymous_14)
FNF:5
FNH:5
FNDA:1,(anonymous_10)
FNDA:2,(anonymous_11)
FNDA:2,(anonymous_12)
FNDA:3,(anonymous_13)
FNDA:3,(anonymous_14)
DA:1,1
DA:2,1
DA:3,1
DA:4,1
DA:6,1
DA:8,1
DA:9,1
DA:12,1
DA:13,2
DA:14,2
DA:15,1
DA:17,1
DA:21,1
DA:22,2
DA:23,2
DA:24,1
DA:25,1
DA:27,1
DA:31,1
DA:32,3
DA:33,3
DA:34,3
DA:35,2
DA:36,2
DA:37,1
DA:39,1
DA:42,1
DA:46,1
DA:47,3
DA:48,3
DA:49,3
DA:51,3
DA:52,1
DA:53,1
DA:56,2
DA:57,1
DA:59,1
DA:60,1
DA:64,1
LF:39
LH:39
BRDA:14,0,0,1
BRDA:14,0,1,1
BRDA:36,1,0,1
BRDA:36,1,1,1
BRDA:51,2,0,1
BRDA:51,3,0,3
BRDA:51,3,1,2
BRF:7
BRH:7
end_of_record
TN:
SF:src\service\NotificationsService.ts
FN:6,(anonymous_7)
FN:8,(anonymous_8)
FN:15,(anonymous_9)
FNF:3
FNH:3
FNDA:1,(anonymous_7)
FNDA:1,(anonymous_8)
FNDA:2,(anonymous_9)
DA:1,1
DA:9,1
DA:10,1
DA:12,1
DA:16,2
DA:17,2
DA:18,2
DA:20,1
DA:26,1
LF:9
LH:9
BRDA:9,0,0,1
BRF:1
BRH:1
end_of_record
TN:
SF:src\service\diariesServi.ts
FN:4,(anonymous_2)
FN:19,(anonymous_3)
FN:21,(anonymous_4)
FN:23,(anonymous_5)
FN:24,(anonymous_6)
FN:27,(anonymous_7)
FN:28,(anonymous_8)
FN:31,(anonymous_9)
FN:33,(anonymous_10)
FN:40,(anonymous_11)
FN:41,(anonymous_12)
FN:47,(anonymous_13)
FN:48,(anonymous_14)
FNF:13
FNH:13
FNDA:5,(anonymous_2)
FNDA:5,(anonymous_3)
FNDA:20,(anonymous_4)
FNDA:4,(anonymous_5)
FNDA:5,(anonymous_6)
FNDA:1,(anonymous_7)
FNDA:2,(anonymous_8)
FNDA:1,(anonymous_9)
FNDA:2,(anonymous_10)
FNDA:2,(anonymous_11)
FNDA:3,(anonymous_12)
FNDA:2,(anonymous_13)
FNDA:3,(anonymous_14)
DA:2,2
DA:4,2
DA:5,5
DA:19,5
DA:21,20
DA:23,2
DA:24,5
DA:27,2
DA:28,2
DA:31,2
DA:32,1
DA:33,2
DA:36,1
DA:37,1
DA:40,2
DA:41,3
DA:42,2
DA:43,1
DA:44,1
DA:47,2
DA:48,3
DA:49,2
DA:51,1
DA:56,1
DA:57,1
LF:25
LH:25
BRDA:42,0,0,1
BRDA:49,1,0,1
BRF:2
BRH:2
end_of_record
TN:
SF:src\service\notifications.ts
FN:7,(anonymous_1)
FN:31,(anonymous_2)
FN:35,(anonymous_3)
FNF:3
FNH:3
FNDA:4,(anonymous_1)
FNDA:3,(anonymous_2)
FNDA:1,(anonymous_3)
DA:2,2
DA:4,2
DA:7,2
DA:9,4
DA:14,4
DA:20,4
DA:29,4
DA:32,3
DA:33,3
DA:35,1
LF:10
LH:10
BRF:0
BRH:0
end_of_record
